<?xml version="1.0" encoding="UTF-8"?>
<testng-results ignored="0" total="2" passed="2" failed="0" skipped="0">
  <reporter-output>
  </reporter-output>
  <suite started-at="2022-11-23T20:27:36 IST" name="Suite" finished-at="2022-11-23T20:28:31 IST" duration-ms="54487">
    <groups>
    </groups>
    <test started-at="2022-11-23T20:27:36 IST" name="Test" finished-at="2022-11-23T20:28:31 IST" duration-ms="54487">
      <class name="week5.day1.SalesForceAssignment2">
        <test-method is-config="true" signature="preCondition(java.lang.String,java.lang.String,java.lang.String)[pri:0, instance:week5.day1.SalesForceAssignment2@2892d68]" started-at="2022-11-23T20:27:36 IST" name="preCondition" finished-at="2022-11-23T20:27:51 IST" duration-ms="15078" status="PASS">
          <params>
            <param index="0">
              <value>
                <![CDATA[https://login.salesforce.com]]>
              </value>
            </param>
            <param index="1">
              <value>
                <![CDATA[hari.radhakrishnan@qeagle.com]]>
              </value>
            </param>
            <param index="2">
              <value>
                <![CDATA[Testleaf$321]]>
              </value>
            </param>
          </params>
          <reporter-output>
          </reporter-output>
        </test-method> <!-- preCondition -->
        <test-method signature="salesForceVerifyAlertMessage()[pri:0, instance:week5.day1.SalesForceAssignment2@2892d68]" started-at="2022-11-23T20:27:51 IST" name="salesForceVerifyAlertMessage" finished-at="2022-11-23T20:28:31 IST" duration-ms="39326" status="PASS">
          <reporter-output>
          </reporter-output>
        </test-method> <!-- salesForceVerifyAlertMessage -->
        <test-method is-config="true" signature="postCondition()[pri:0, instance:week5.day1.SalesForceAssignment2@2892d68]" started-at="2022-11-23T20:28:31 IST" name="postCondition" finished-at="2022-11-23T20:28:31 IST" duration-ms="1" status="PASS">
          <reporter-output>
          </reporter-output>
        </test-method> <!-- postCondition -->
      </class> <!-- week5.day1.SalesForceAssignment2 -->
      <class name="week5.day1.SalesForceAssignment1">
        <test-method is-config="true" signature="preCondition(java.lang.String,java.lang.String,java.lang.String)[pri:0, instance:week5.day1.SalesForceAssignment1@48aca48b]" started-at="2022-11-23T20:27:36 IST" name="preCondition" finished-at="2022-11-23T20:27:57 IST" duration-ms="20593" status="PASS">
          <params>
            <param index="0">
              <value>
                <![CDATA[https://login.salesforce.com]]>
              </value>
            </param>
            <param index="1">
              <value>
                <![CDATA[hari.radhakrishnan@qeagle.com]]>
              </value>
            </param>
            <param index="2">
              <value>
                <![CDATA[Testleaf$321]]>
              </value>
            </param>
          </params>
          <reporter-output>
          </reporter-output>
        </test-method> <!-- preCondition -->
        <test-method signature="SalesForce()[pri:0, instance:week5.day1.SalesForceAssignment1@48aca48b]" started-at="2022-11-23T20:27:57 IST" name="SalesForce" finished-at="2022-11-23T20:28:24 IST" duration-ms="27143" status="PASS">
          <reporter-output>
          </reporter-output>
        </test-method> <!-- SalesForce -->
        <test-method is-config="true" signature="postCondition()[pri:0, instance:week5.day1.SalesForceAssignment1@48aca48b]" started-at="2022-11-23T20:28:24 IST" name="postCondition" finished-at="2022-11-23T20:28:24 IST" duration-ms="2" status="PASS">
          <reporter-output>
          </reporter-output>
        </test-method> <!-- postCondition -->
      </class> <!-- week5.day1.SalesForceAssignment1 -->
    </test> <!-- Test -->
  </suite> <!-- Suite -->
</testng-results>
